<?xml version="1.0" encoding="UTF-8"?>
<!-- Generated by org.testng.reporters.JUnitReportReporter -->
<testsuite hostname="Maulik" failures="0" tests="5" name="testCases.TC_003_LoginDDT" time="23.369" errors="0" timestamp="2025-01-08T20:06:07 IST" skipped="0">
  <testcase classname="testCases.TC_003_LoginDDT" name="verify_loginDDT" time="2.528"/>
  <testcase classname="testCases.TC_003_LoginDDT" name="verify_loginDDT" time="11.619"/>
  <testcase classname="testCases.TC_003_LoginDDT" name="verify_loginDDT" time="4.341"/>
  <testcase classname="testCases.TC_003_LoginDDT" name="verify_loginDDT" time="2.567"/>
  <testcase classname="testCases.TC_003_LoginDDT" name="verify_loginDDT" time="2.314"/>
</testsuite> <!-- testCases.TC_003_LoginDDT -->
