<?xml version="1.0" encoding="UTF-8"?>
<!-- Generated by org.testng.reporters.JUnitReportReporter -->
<testsuite hostname="Maulik" failures="0" tests="2" name="testCases.TC_001_AccountRegistrationTest" time="5.571" errors="0" timestamp="2025-01-14T12:45:40 IST" skipped="0">
  <testcase classname="testCases.TC_001_AccountRegistrationTest" name="verify_account_registration" time="3.175"/>
  <testcase classname="testCases.TC_001_AccountRegistrationTest" name="verify_account_registration" time="2.396"/>
</testsuite> <!-- testCases.TC_001_AccountRegistrationTest -->
