<?xml version="1.0" encoding="UTF-8"?>
<!-- Generated by org.testng.reporters.JUnitReportReporter -->
<testsuite hostname="Maulik" failures="0" tests="1" name="testCases.TC_001_AccountRegistrationTest" time="3.268" errors="0" timestamp="2025-01-15T11:58:18 IST" skipped="0">
  <testcase classname="testCases.TC_001_AccountRegistrationTest" name="verify_account_registration" time="3.268"/>
</testsuite> <!-- testCases.TC_001_AccountRegistrationTest -->
